Flow report for uartFpga
Thu Jul 12 23:08:27 2018
Quartus II 64-Bit Version 10.1 Build 153 11/29/2010 SJ Web Edition


---------------------
; Table of Contents ;
---------------------
  1. Legal Notice
  2. Flow Summary
  3. Flow Settings
  4. Flow Non-Default Global Settings
  5. Flow Elapsed Time
  6. Flow OS Summary
  7. Flow Log



----------------
; Legal Notice ;
----------------
Copyright (C) 1991-2010 Altera Corporation
Your use of Altera Corporation's design tools, logic functions 
and other software and tools, and its AMPP partner logic 
functions, and any output files from any of the foregoing 
(including device programming or simulation files), and any 
associated documentation or information are expressly subject 
to the terms and conditions of the Altera Program License 
Subscription Agreement, Altera MegaCore Function License 
Agreement, or other applicable license agreement, including, 
without limitation, that your use is for the sole purpose of 
programming logic devices manufactured by Altera and sold by 
Altera or its authorized distributors.  Please refer to the 
applicable agreement for further details.



+-------------------------------------------------------------------------------+
; Flow Summary                                                                  ;
+------------------------------------+------------------------------------------+
; Flow Status                        ; Successful - Thu Jul 12 23:08:21 2018    ;
; Quartus II 64-Bit Version          ; 10.1 Build 153 11/29/2010 SJ Web Edition ;
; Revision Name                      ; uartFpga                                 ;
; Top-level Entity Name              ; uartFpgaBLOCK                            ;
; Family                             ; Cyclone IV E                             ;
; Device                             ; EP4CE10E22C8                             ;
; Timing Models                      ; Final                                    ;
; Total logic elements               ; 188 / 10,320 ( 2 % )                     ;
;     Total combinational functions  ; 174 / 10,320 ( 2 % )                     ;
;     Dedicated logic registers      ; 122 / 10,320 ( 1 % )                     ;
; Total registers                    ; 122                                      ;
; Total pins                         ; 12 / 92 ( 13 % )                         ;
; Total virtual pins                 ; 0                                        ;
; Total memory bits                  ; 262,144 / 423,936 ( 62 % )               ;
; Embedded Multiplier 9-bit elements ; 0 / 46 ( 0 % )                           ;
; Total PLLs                         ; 1 / 2 ( 50 % )                           ;
+------------------------------------+------------------------------------------+


+-----------------------------------------+
; Flow Settings                           ;
+-------------------+---------------------+
; Option            ; Setting             ;
+-------------------+---------------------+
; Start date & time ; 07/12/2018 23:07:51 ;
; Main task         ; Compilation         ;
; Revision Name     ; uartFpga            ;
+-------------------+---------------------+


+----------------------------------------------------------------------------------------------------------------------------------+
; Flow Non-Default Global Settings                                                                                                 ;
+-------------------------------------+-----------------------------------------------+---------------+---------------+------------+
; Assignment Name                     ; Value                                         ; Default Value ; Entity Name   ; Section Id ;
+-------------------------------------+-----------------------------------------------+---------------+---------------+------------+
; COMPILER_SIGNATURE_ID               ; 88491851503332.153141707101896                ; --            ; --            ; --         ;
; IP_TOOL_NAME                        ; ALTPLL                                        ; --            ; --            ; --         ;
; IP_TOOL_NAME                        ; RAM: 1-PORT                                   ; --            ; --            ; --         ;
; IP_TOOL_VERSION                     ; 10.1                                          ; --            ; --            ; --         ;
; IP_TOOL_VERSION                     ; 10.1                                          ; --            ; --            ; --         ;
; MAX_CORE_JUNCTION_TEMP              ; 85                                            ; --            ; --            ; --         ;
; MIN_CORE_JUNCTION_TEMP              ; 0                                             ; --            ; --            ; --         ;
; MISC_FILE                           ; C:/Users/Iresh/Desktop/uart fpga/uartFpga.dpf ; --            ; --            ; --         ;
; MISC_FILE                           ; PLL1.bsf                                      ; --            ; --            ; --         ;
; MISC_FILE                           ; PLL1_inst.v                                   ; --            ; --            ; --         ;
; MISC_FILE                           ; PLL1_bb.v                                     ; --            ; --            ; --         ;
; MISC_FILE                           ; PLL1.inc                                      ; --            ; --            ; --         ;
; MISC_FILE                           ; PLL1.cmp                                      ; --            ; --            ; --         ;
; MISC_FILE                           ; PLL1.ppf                                      ; --            ; --            ; --         ;
; MISC_FILE                           ; ram2.bsf                                      ; --            ; --            ; --         ;
; MISC_FILE                           ; ram2_bb.v                                     ; --            ; --            ; --         ;
; NOMINAL_CORE_SUPPLY_VOLTAGE         ; 1.2V                                          ; --            ; --            ; --         ;
; PARTITION_COLOR                     ; 16764057                                      ; --            ; uartFpgaBLOCK ; Top        ;
; PARTITION_FITTER_PRESERVATION_LEVEL ; PLACEMENT_AND_ROUTING                         ; --            ; uartFpgaBLOCK ; Top        ;
; PARTITION_NETLIST_TYPE              ; SOURCE                                        ; --            ; uartFpgaBLOCK ; Top        ;
; POWER_BOARD_THERMAL_MODEL           ; None (CONSERVATIVE)                           ; --            ; --            ; --         ;
; POWER_PRESET_COOLING_SOLUTION       ; 23 MM HEAT SINK WITH 200 LFPM AIRFLOW         ; --            ; --            ; --         ;
; TOP_LEVEL_ENTITY                    ; uartFpgaBLOCK                                 ; uartFpga      ; --            ; --         ;
+-------------------------------------+-----------------------------------------------+---------------+---------------+------------+


+-------------------------------------------------------------------------------------------------------------------------------+
; Flow Elapsed Time                                                                                                             ;
+---------------------------+--------------+-------------------------+---------------------+------------------------------------+
; Module Name               ; Elapsed Time ; Average Processors Used ; Peak Virtual Memory ; Total CPU Time (on all processors) ;
+---------------------------+--------------+-------------------------+---------------------+------------------------------------+
; Analysis & Synthesis      ; 00:00:09     ; 1.0                     ; 4497 MB             ; 00:00:06                           ;
; Fitter                    ; 00:00:08     ; 1.0                     ; 4577 MB             ; 00:00:06                           ;
; Assembler                 ; 00:00:02     ; 1.0                     ; 4457 MB             ; 00:00:02                           ;
; TimeQuest Timing Analyzer ; 00:00:08     ; 1.0                     ; 4523 MB             ; 00:00:06                           ;
; Total                     ; 00:00:27     ; --                      ; --                  ; 00:00:20                           ;
+---------------------------+--------------+-------------------------+---------------------+------------------------------------+


+----------------------------------------------------------------------------------------+
; Flow OS Summary                                                                        ;
+---------------------------+------------------+-----------+------------+----------------+
; Module Name               ; Machine Hostname ; OS Name   ; OS Version ; Processor type ;
+---------------------------+------------------+-----------+------------+----------------+
; Analysis & Synthesis      ; DESKTOP-DAP7MHC  ; Windows 7 ; 6.2        ; x86_64         ;
; Fitter                    ; DESKTOP-DAP7MHC  ; Windows 7 ; 6.2        ; x86_64         ;
; Assembler                 ; DESKTOP-DAP7MHC  ; Windows 7 ; 6.2        ; x86_64         ;
; TimeQuest Timing Analyzer ; DESKTOP-DAP7MHC  ; Windows 7 ; 6.2        ; x86_64         ;
+---------------------------+------------------+-----------+------------+----------------+


------------
; Flow Log ;
------------
quartus_map --read_settings_files=on --write_settings_files=off uartFpga -c uartFpga
quartus_fit --read_settings_files=off --write_settings_files=off uartFpga -c uartFpga
quartus_asm --read_settings_files=off --write_settings_files=off uartFpga -c uartFpga
quartus_sta uartFpga -c uartFpga



